<?xml version="1.0" encoding="UTF-8"?>
<!-- Generated by org.testng.reporters.JUnitXMLReporter -->
<testsuite ignored="0" hostname="Duaa" failures="0" tests="3" name="Default test" time="11.759" errors="0" timestamp="2024-06-22T19:48:30 EET">
  <testcase classname="HomePage.HomePageTestCases" name="CheckTheContactNumber" time="0.044"/>
  <testcase classname="HomePage.HomePageTestCases" name="CheckTheCurrenyIsCorrect" time="0.035"/>
  <testcase classname="HomePage.HomePageTestCases" name="CheckTheDefualtLanguageIsCorect" time="0.036"/>
</testsuite> <!-- Default test -->
