<?xml version="1.0" encoding="UTF-8"?>
<testng-results ignored="0" total="3" passed="3" failed="0" skipped="0">
  <reporter-output>
  </reporter-output>
  <suite started-at="2024-06-22T19:48:18 EET" name="Default suite" finished-at="2024-06-22T19:48:29 EET" duration-ms="11759">
    <groups>
    </groups>
    <test started-at="2024-06-22T19:48:18 EET" name="Default test" finished-at="2024-06-22T19:48:29 EET" duration-ms="11759">
      <class name="HomePage.HomePageTestCases">
        <test-method is-config="true" signature="mySetup()[pri:0, instance:HomePage.HomePageTestCases@305a0c5f]" started-at="2024-06-22T19:48:18 EET" name="mySetup" finished-at="2024-06-22T19:48:29 EET" duration-ms="11589" status="PASS">
          <reporter-output>
          </reporter-output>
        </test-method> <!-- mySetup -->
        <test-method signature="CheckTheContactNumber()[pri:0, instance:HomePage.HomePageTestCases@305a0c5f]" started-at="2024-06-22T19:48:29 EET" name="CheckTheContactNumber" finished-at="2024-06-22T19:48:29 EET" duration-ms="44" status="PASS">
          <reporter-output>
          </reporter-output>
        </test-method> <!-- CheckTheContactNumber -->
        <test-method signature="CheckTheCurrenyIsCorrect()[pri:0, instance:HomePage.HomePageTestCases@305a0c5f]" started-at="2024-06-22T19:48:29 EET" name="CheckTheCurrenyIsCorrect" finished-at="2024-06-22T19:48:29 EET" duration-ms="35" status="PASS">
          <reporter-output>
          </reporter-output>
        </test-method> <!-- CheckTheCurrenyIsCorrect -->
        <test-method signature="CheckTheDefualtLanguageIsCorect()[pri:0, instance:HomePage.HomePageTestCases@305a0c5f]" started-at="2024-06-22T19:48:29 EET" name="CheckTheDefualtLanguageIsCorect" finished-at="2024-06-22T19:48:29 EET" duration-ms="36" status="PASS">
          <reporter-output>
          </reporter-output>
        </test-method> <!-- CheckTheDefualtLanguageIsCorect -->
      </class> <!-- HomePage.HomePageTestCases -->
    </test> <!-- Default test -->
  </suite> <!-- Default suite -->
</testng-results>
